[1m[31m[31mX [41;31m[[41;97mERROR[41;31m][0m [1mTS2339: Property 'routerLogin' does not exist on type 'LoginService'.[0m [1m[35m[plugin angular-compiler][0m

    src/app/_services/login.service.ts:28:42:
[37m      28 │       .post(`${this.url}${this.api}${this.[32mrouterLogin[37m}`, model);
         ╵                                           [32m~~~~~~~~~~~[0m


[31mX [41;31m[[41;97mERROR[41;31m][0m [1mTS2339: Property 'login' does not exist on type 'LoginComponent'.[0m [1m[35m[plugin angular-compiler][0m

    src/app/login/login.component.html:7:46:
[37m      7 │         <form #loginForm="ngForm" (ngSubmit)="[32mlogin[37m()">
        ╵                                               [32m~~~~~[0m

  Error occurs in the template of component LoginComponent.

    src/app/login/login.component.ts:10:15:
[37m      10 │   templateUrl: [32m'./login.component.html'[37m,
         ╵                [32m~~~~~~~~~~~~~~~~~~~~~~~~[0m


[31mX [41;31m[[41;97mERROR[41;31m][0m [1mTS2339: Property 'loginService' does not exist on type 'LoginComponent'.[0m [1m[35m[plugin angular-compiler][0m

    src/app/login/login.component.ts:46:9:
[37m      46 │     this.[32mloginService[37m.getToken(null).subscribe({
         ╵          [32m~~~~~~~~~~~~[0m


[31mX [41;31m[[41;97mERROR[41;31m][0m [1mTS2339: Property 'loginService' does not exist on type 'LoginComponent'.[0m [1m[35m[plugin angular-compiler][0m

    src/app/login/login.component.ts:52:13:
[37m      52 │         this.[32mloginService[37m.loginFornecedor(this.loginForm.value).su...
         ╵              [32m~~~~~~~~~~~~[0m


[31mX [41;31m[[41;97mERROR[41;31m][0m [1mTS2339: Property 'loginForm' does not exist on type 'LoginComponent'.[0m [1m[35m[plugin angular-compiler][0m

    src/app/login/login.component.ts:52:47:
[37m      52 │ ...his.loginService.loginFornecedor(this.[32mloginForm[37m.value).subscribe({
         ╵                                          [32m~~~~~~~~~[0m


[31mX [41;31m[[41;97mERROR[41;31m][0m [1mTS7006: Parameter 'error' implicitly has an 'any' type.[0m [1m[35m[plugin angular-compiler][0m

    src/app/login/login.component.ts:57:22:
[37m      57 │               error: ([32merror[37m) => {
         ╵                       [32m~~~~~[0m


[31mX [41;31m[[41;97mERROR[41;31m][0m [1mTS7006: Parameter 'error' implicitly has an 'any' type.[0m [1m[35m[plugin angular-compiler][0m

    src/app/login/login.component.ts:64:14:
[37m      64 │       error: ([32merror[37m) => {
         ╵               [32m~~~~~[0m


[31mX [41;31m[[41;97mERROR[41;31m][0m [1mTS2339: Property 'loginForm' does not exist on type 'LoginComponent'.[0m [1m[35m[plugin angular-compiler][0m

    src/app/login/login.component.ts:70:13:
[37m      70 │     if (this.[32mloginForm[37m.valid) {
         ╵              [32m~~~~~~~~~[0m


[31mX [41;31m[[41;97mERROR[41;31m][0m [1mTS2339: Property 'loginForm' does not exist on type 'LoginComponent'.[0m [1m[35m[plugin angular-compiler][0m

    src/app/login/login.component.ts:71:41:
[37m      71 │       console.log('Login enviado:', this.[32mloginForm[37m.value);
         ╵                                          [32m~~~~~~~~~[0m

[39m[22m
[1m[31m[31mX [41;31m[[41;97mERROR[41;31m][0m [1mTS2339: Property 'routerLogin' does not exist on type 'LoginService'.[0m [1m[35m[plugin angular-compiler][0m

    src/app/_services/login.service.ts:28:42:
[37m      28 │       .post(`${this.url}${this.api}${this.[32mrouterLogin[37m}`, model);
         ╵                                           [32m~~~~~~~~~~~[0m


[31mX [41;31m[[41;97mERROR[41;31m][0m [1mTS2339: Property 'loginService' does not exist on type 'LoginComponent'.[0m [1m[35m[plugin angular-compiler][0m

    src/app/login/login.component.ts:46:9:
[37m      46 │     this.[32mloginService[37m.getToken(null).subscribe({
         ╵          [32m~~~~~~~~~~~~[0m


[31mX [41;31m[[41;97mERROR[41;31m][0m [1mTS2339: Property 'loginService' does not exist on type 'LoginComponent'.[0m [1m[35m[plugin angular-compiler][0m

    src/app/login/login.component.ts:52:13:
[37m      52 │         this.[32mloginService[37m.loginFornecedor(this.loginForm.value).su...
         ╵              [32m~~~~~~~~~~~~[0m


[31mX [41;31m[[41;97mERROR[41;31m][0m [1mTS2339: Property 'loginForm' does not exist on type 'LoginComponent'.[0m [1m[35m[plugin angular-compiler][0m

    src/app/login/login.component.ts:52:47:
[37m      52 │ ...his.loginService.loginFornecedor(this.[32mloginForm[37m.value).subscribe({
         ╵                                          [32m~~~~~~~~~[0m


[31mX [41;31m[[41;97mERROR[41;31m][0m [1mTS7006: Parameter 'error' implicitly has an 'any' type.[0m [1m[35m[plugin angular-compiler][0m

    src/app/login/login.component.ts:57:22:
[37m      57 │               error: ([32merror[37m) => {
         ╵                       [32m~~~~~[0m


[31mX [41;31m[[41;97mERROR[41;31m][0m [1mTS7006: Parameter 'error' implicitly has an 'any' type.[0m [1m[35m[plugin angular-compiler][0m

    src/app/login/login.component.ts:64:14:
[37m      64 │       error: ([32merror[37m) => {
         ╵               [32m~~~~~[0m


[31mX [41;31m[[41;97mERROR[41;31m][0m [1mTS2339: Property 'loginForm' does not exist on type 'LoginComponent'.[0m [1m[35m[plugin angular-compiler][0m

    src/app/login/login.component.ts:70:13:
[37m      70 │     if (this.[32mloginForm[37m.valid) {
         ╵              [32m~~~~~~~~~[0m


[31mX [41;31m[[41;97mERROR[41;31m][0m [1mTS2339: Property 'loginForm' does not exist on type 'LoginComponent'.[0m [1m[35m[plugin angular-compiler][0m

    src/app/login/login.component.ts:71:41:
[37m      71 │       console.log('Login enviado:', this.[32mloginForm[37m.value);
         ╵                                          [32m~~~~~~~~~[0m

[39m[22m
[1m[31m[31mX [41;31m[[41;97mERROR[41;31m][0m [1mTS2339: Property 'routerLogin' does not exist on type 'LoginService'.[0m [1m[35m[plugin angular-compiler][0m

    src/app/_services/login.service.ts:28:42:
[37m      28 │       .post(`${this.url}${this.api}${this.[32mrouterLogin[37m}`, model);
         ╵                                           [32m~~~~~~~~~~~[0m


[31mX [41;31m[[41;97mERROR[41;31m][0m [1mTS2339: Property 'loginService' does not exist on type 'LoginComponent'.[0m [1m[35m[plugin angular-compiler][0m

    src/app/login/login.component.ts:46:9:
[37m      46 │     this.[32mloginService[37m.getToken(null).subscribe({
         ╵          [32m~~~~~~~~~~~~[0m


[31mX [41;31m[[41;97mERROR[41;31m][0m [1mTS2339: Property 'loginService' does not exist on type 'LoginComponent'.[0m [1m[35m[plugin angular-compiler][0m

    src/app/login/login.component.ts:52:13:
[37m      52 │         this.[32mloginService[37m.loginFornecedor(this.loginForm.value).su...
         ╵              [32m~~~~~~~~~~~~[0m


[31mX [41;31m[[41;97mERROR[41;31m][0m [1mTS2339: Property 'loginForm' does not exist on type 'LoginComponent'.[0m [1m[35m[plugin angular-compiler][0m

    src/app/login/login.component.ts:52:47:
[37m      52 │ ...his.loginService.loginFornecedor(this.[32mloginForm[37m.value).subscribe({
         ╵                                          [32m~~~~~~~~~[0m


[31mX [41;31m[[41;97mERROR[41;31m][0m [1mTS7006: Parameter 'error' implicitly has an 'any' type.[0m [1m[35m[plugin angular-compiler][0m

    src/app/login/login.component.ts:57:22:
[37m      57 │               error: ([32merror[37m) => {
         ╵                       [32m~~~~~[0m


[31mX [41;31m[[41;97mERROR[41;31m][0m [1mTS7006: Parameter 'error' implicitly has an 'any' type.[0m [1m[35m[plugin angular-compiler][0m

    src/app/login/login.component.ts:64:14:
[37m      64 │       error: ([32merror[37m) => {
         ╵               [32m~~~~~[0m


[31mX [41;31m[[41;97mERROR[41;31m][0m [1mTS2339: Property 'loginForm' does not exist on type 'LoginComponent'.[0m [1m[35m[plugin angular-compiler][0m

    src/app/login/login.component.ts:70:13:
[37m      70 │     if (this.[32mloginForm[37m.valid) {
         ╵              [32m~~~~~~~~~[0m


[31mX [41;31m[[41;97mERROR[41;31m][0m [1mTS2339: Property 'loginForm' does not exist on type 'LoginComponent'.[0m [1m[35m[plugin angular-compiler][0m

    src/app/login/login.component.ts:71:41:
[37m      71 │       console.log('Login enviado:', this.[32mloginForm[37m.value);
         ╵                                          [32m~~~~~~~~~[0m

[39m[22m
[1m[31m[31mX [41;31m[[41;97mERROR[41;31m][0m [1mTS2339: Property 'routerLogin' does not exist on type 'LoginService'.[0m [1m[35m[plugin angular-compiler][0m

    src/app/_services/login.service.ts:28:42:
[37m      28 │       .post(`${this.url}${this.api}${this.[32mrouterLogin[37m}`, model);
         ╵                                           [32m~~~~~~~~~~~[0m


[31mX [41;31m[[41;97mERROR[41;31m][0m [1mTS2339: Property 'login' does not exist on type 'LoginComponent'.[0m [1m[35m[plugin angular-compiler][0m

    src/app/login/login.component.html:7:46:
[37m      7 │         <form #loginForm="ngForm" (ngSubmit)="[32mlogin[37m()">
        ╵                                               [32m~~~~~[0m

  Error occurs in the template of component LoginComponent.

    src/app/login/login.component.ts:10:15:
[37m      10 │   templateUrl: [32m'./login.component.html'[37m,
         ╵                [32m~~~~~~~~~~~~~~~~~~~~~~~~[0m


[31mX [41;31m[[41;97mERROR[41;31m][0m [1mTS2339: Property 'loginForm' does not exist on type 'LoginComponent'.[0m [1m[35m[plugin angular-compiler][0m

    src/app/login/login.component.ts:53:47:
[37m      53 │ ...his.loginService.loginFornecedor(this.[32mloginForm[37m.value).subscribe({
         ╵                                          [32m~~~~~~~~~[0m


[31mX [41;31m[[41;97mERROR[41;31m][0m [1mTS2339: Property 'loginForm' does not exist on type 'LoginComponent'.[0m [1m[35m[plugin angular-compiler][0m

    src/app/login/login.component.ts:71:13:
[37m      71 │     if (this.[32mloginForm[37m.valid) {
         ╵              [32m~~~~~~~~~[0m


[31mX [41;31m[[41;97mERROR[41;31m][0m [1mTS2339: Property 'loginForm' does not exist on type 'LoginComponent'.[0m [1m[35m[plugin angular-compiler][0m

    src/app/login/login.component.ts:72:41:
[37m      72 │       console.log('Login enviado:', this.[32mloginForm[37m.value);
         ╵                                          [32m~~~~~~~~~[0m

[39m[22m
[1m[31m[31mX [41;31m[[41;97mERROR[41;31m][0m [1mTS2339: Property 'routerLogin' does not exist on type 'LoginService'.[0m [1m[35m[plugin angular-compiler][0m

    src/app/_services/login.service.ts:28:42:
[37m      28 │       .post(`${this.url}${this.api}${this.[32mrouterLogin[37m}`, model);
         ╵                                           [32m~~~~~~~~~~~[0m


[31mX [41;31m[[41;97mERROR[41;31m][0m [1mTS2339: Property 'loginForm' does not exist on type 'LoginComponent'.[0m [1m[35m[plugin angular-compiler][0m

    src/app/login/login.component.ts:53:47:
[37m      53 │ ...his.loginService.loginFornecedor(this.[32mloginForm[37m.value).subscribe({
         ╵                                          [32m~~~~~~~~~[0m


[31mX [41;31m[[41;97mERROR[41;31m][0m [1mTS2339: Property 'loginForm' does not exist on type 'LoginComponent'.[0m [1m[35m[plugin angular-compiler][0m

    src/app/login/login.component.ts:71:13:
[37m      71 │     if (this.[32mloginForm[37m.valid) {
         ╵              [32m~~~~~~~~~[0m


[31mX [41;31m[[41;97mERROR[41;31m][0m [1mTS2339: Property 'loginForm' does not exist on type 'LoginComponent'.[0m [1m[35m[plugin angular-compiler][0m

    src/app/login/login.component.ts:72:41:
[37m      72 │       console.log('Login enviado:', this.[32mloginForm[37m.value);
         ╵                                          [32m~~~~~~~~~[0m

[39m[22m
[1m[31m[31mX [41;31m[[41;97mERROR[41;31m][0m [1mTS2339: Property 'routerLogin' does not exist on type 'LoginService'.[0m [1m[35m[plugin angular-compiler][0m

    src/app/_services/login.service.ts:28:42:
[37m      28 │       .post(`${this.url}${this.api}${this.[32mrouterLogin[37m}`, model);
         ╵                                           [32m~~~~~~~~~~~[0m


[31mX [41;31m[[41;97mERROR[41;31m][0m [1mTS2339: Property 'login' does not exist on type 'LoginComponent'.[0m [1m[35m[plugin angular-compiler][0m

    src/app/login/login.component.html:7:46:
[37m      7 │         <form #loginForm="ngForm" (ngSubmit)="[32mlogin[37m()">
        ╵                                               [32m~~~~~[0m

  Error occurs in the template of component LoginComponent.

    src/app/login/login.component.ts:10:15:
[37m      10 │   templateUrl: [32m'./login.component.html'[37m,
         ╵                [32m~~~~~~~~~~~~~~~~~~~~~~~~[0m


[31mX [41;31m[[41;97mERROR[41;31m][0m [1mTS2339: Property 'loginForm' does not exist on type 'LoginComponent'.[0m [1m[35m[plugin angular-compiler][0m

    src/app/login/login.component.ts:52:47:
[37m      52 │ ...his.loginService.loginFornecedor(this.[32mloginForm[37m.value).subscribe({
         ╵                                          [32m~~~~~~~~~[0m


[31mX [41;31m[[41;97mERROR[41;31m][0m [1mTS2339: Property 'loginForm' does not exist on type 'LoginComponent'.[0m [1m[35m[plugin angular-compiler][0m

    src/app/login/login.component.ts:70:13:
[37m      70 │     if (this.[32mloginForm[37m.valid) {
         ╵              [32m~~~~~~~~~[0m


[31mX [41;31m[[41;97mERROR[41;31m][0m [1mTS2339: Property 'loginForm' does not exist on type 'LoginComponent'.[0m [1m[35m[plugin angular-compiler][0m

    src/app/login/login.component.ts:71:41:
[37m      71 │       console.log('Login enviado:', this.[32mloginForm[37m.value);
         ╵                                          [32m~~~~~~~~~[0m

[39m[22m
[1m[31m[31mX [41;31m[[41;97mERROR[41;31m][0m [1mTS2339: Property 'routerLogin' does not exist on type 'LoginService'.[0m [1m[35m[plugin angular-compiler][0m

    src/app/_services/login.service.ts:28:42:
[37m      28 │       .post(`${this.url}${this.api}${this.[32mrouterLogin[37m}`, model);
         ╵                                           [32m~~~~~~~~~~~[0m


[31mX [41;31m[[41;97mERROR[41;31m][0m [1mTS2339: Property 'loginForm' does not exist on type 'LoginComponent'.[0m [1m[35m[plugin angular-compiler][0m

    src/app/login/login.component.ts:52:47:
[37m      52 │ ...his.loginService.loginFornecedor(this.[32mloginForm[37m.value).subscribe({
         ╵                                          [32m~~~~~~~~~[0m


[31mX [41;31m[[41;97mERROR[41;31m][0m [1mTS2339: Property 'loginForm' does not exist on type 'LoginComponent'.[0m [1m[35m[plugin angular-compiler][0m

    src/app/login/login.component.ts:70:13:
[37m      70 │     if (this.[32mloginForm[37m.valid) {
         ╵              [32m~~~~~~~~~[0m


[31mX [41;31m[[41;97mERROR[41;31m][0m [1mTS2339: Property 'loginForm' does not exist on type 'LoginComponent'.[0m [1m[35m[plugin angular-compiler][0m

    src/app/login/login.component.ts:71:41:
[37m      71 │       console.log('Login enviado:', this.[32mloginForm[37m.value);
         ╵                                          [32m~~~~~~~~~[0m

[39m[22m
[1m[31m[31mX [41;31m[[41;97mERROR[41;31m][0m [1mTS2339: Property 'routerLogin' does not exist on type 'LoginService'.[0m [1m[35m[plugin angular-compiler][0m

    src/app/_services/login.service.ts:28:42:
[37m      28 │       .post(`${this.url}${this.api}${this.[32mrouterLogin[37m}`, model);
         ╵                                           [32m~~~~~~~~~~~[0m


[31mX [41;31m[[41;97mERROR[41;31m][0m [1mTS2339: Property 'loginForm' does not exist on type 'LoginComponent'.[0m [1m[35m[plugin angular-compiler][0m

    src/app/login/login.component.ts:52:47:
[37m      52 │ ...his.loginService.loginFornecedor(this.[32mloginForm[37m.value).subscribe({
         ╵                                          [32m~~~~~~~~~[0m


[31mX [41;31m[[41;97mERROR[41;31m][0m [1mTS2339: Property 'loginForm' does not exist on type 'LoginComponent'.[0m [1m[35m[plugin angular-compiler][0m

    src/app/login/login.component.ts:70:13:
[37m      70 │     if (this.[32mloginForm[37m.valid) {
         ╵              [32m~~~~~~~~~[0m


[31mX [41;31m[[41;97mERROR[41;31m][0m [1mTS2339: Property 'loginForm' does not exist on type 'LoginComponent'.[0m [1m[35m[plugin angular-compiler][0m

    src/app/login/login.component.ts:71:41:
[37m      71 │       console.log('Login enviado:', this.[32mloginForm[37m.value);
         ╵                                          [32m~~~~~~~~~[0m

[39m[22m
[1m[31m[31mX [41;31m[[41;97mERROR[41;31m][0m [1mTS2339: Property 'routerLogin' does not exist on type 'LoginService'.[0m [1m[35m[plugin angular-compiler][0m

    src/app/_services/login.service.ts:28:42:
[37m      28 │       .post(`${this.url}${this.api}${this.[32mrouterLogin[37m}`, model);
         ╵                                           [32m~~~~~~~~~~~[0m


[31mX [41;31m[[41;97mERROR[41;31m][0m [1mTS2564: Property 'loginForm' has no initializer and is not definitely assigned in the constructor.[0m [1m[35m[plugin angular-compiler][0m

    src/app/login/login.component.ts:21:2:
[37m      21 │   [32mloginForm[37m: FormGroup;
         ╵   [32m~~~~~~~~~[0m


[31mX [41;31m[[41;97mERROR[41;31m][0m [1mTS2304: Cannot find name 'Validators'.[0m [1m[35m[plugin angular-compiler][0m

    src/app/login/login.component.ts:47:21:
[37m      47 │       username: ['', [32mValidators[37m.required],
         ╵                      [32m~~~~~~~~~~[0m


[31mX [41;31m[[41;97mERROR[41;31m][0m [1mTS2304: Cannot find name 'Validators'.[0m [1m[35m[plugin angular-compiler][0m

    src/app/login/login.component.ts:48:21:
[37m      48 │       password: ['', [32mValidators[37m.required]
         ╵                      [32m~~~~~~~~~~[0m

[39m[22m
[1m[31m[31mX [41;31m[[41;97mERROR[41;31m][0m [1mTS2339: Property 'routerLogin' does not exist on type 'LoginService'.[0m [1m[35m[plugin angular-compiler][0m

    src/app/_services/login.service.ts:28:42:
[37m      28 │       .post(`${this.url}${this.api}${this.[32mrouterLogin[37m}`, model);
         ╵                                           [32m~~~~~~~~~~~[0m


[31mX [41;31m[[41;97mERROR[41;31m][0m [1mTS2564: Property 'loginForm' has no initializer and is not definitely assigned in the constructor.[0m [1m[35m[plugin angular-compiler][0m

    src/app/login/login.component.ts:21:2:
[37m      21 │   [32mloginForm[37m: FormGroup;
         ╵   [32m~~~~~~~~~[0m


[31mX [41;31m[[41;97mERROR[41;31m][0m [1mTS2304: Cannot find name 'Validators'.[0m [1m[35m[plugin angular-compiler][0m

    src/app/login/login.component.ts:47:21:
[37m      47 │       username: ['', [32mValidators[37m.required],
         ╵                      [32m~~~~~~~~~~[0m


[31mX [41;31m[[41;97mERROR[41;31m][0m [1mTS2304: Cannot find name 'Validators'.[0m [1m[35m[plugin angular-compiler][0m

    src/app/login/login.component.ts:48:21:
[37m      48 │       password: ['', [32mValidators[37m.required]
         ╵                      [32m~~~~~~~~~~[0m

[39m[22m
[1m[31m[31mX [41;31m[[41;97mERROR[41;31m][0m [1mTS2339: Property 'routerLogin' does not exist on type 'LoginService'.[0m [1m[35m[plugin angular-compiler][0m

    src/app/_services/login.service.ts:28:42:
[37m      28 │       .post(`${this.url}${this.api}${this.[32mrouterLogin[37m}`, model);
         ╵                                           [32m~~~~~~~~~~~[0m


[31mX [41;31m[[41;97mERROR[41;31m][0m [1mTS2564: Property 'loginForm' has no initializer and is not definitely assigned in the constructor.[0m [1m[35m[plugin angular-compiler][0m

    src/app/login/login.component.ts:21:2:
[37m      21 │   [32mloginForm[37m: FormGroup;
         ╵   [32m~~~~~~~~~[0m

[39m[22m
[1m[31m[31mX [41;31m[[41;97mERROR[41;31m][0m [1mTS2339: Property 'routerLogin' does not exist on type 'LoginService'.[0m [1m[35m[plugin angular-compiler][0m

    src/app/_services/login.service.ts:28:42:
[37m      28 │       .post(`${this.url}${this.api}${this.[32mrouterLogin[37m}`, model);
         ╵                                           [32m~~~~~~~~~~~[0m


[31mX [41;31m[[41;97mERROR[41;31m][0m [1mTS2564: Property 'loginForm' has no initializer and is not definitely assigned in the constructor.[0m [1m[35m[plugin angular-compiler][0m

    src/app/login/login.component.ts:21:2:
[37m      21 │   [32mloginForm[37m: FormGroup;
         ╵   [32m~~~~~~~~~[0m

[39m[22m
[1m[31m[31mX [41;31m[[41;97mERROR[41;31m][0m [1mTS2339: Property 'routerLogin' does not exist on type 'LoginService'.[0m [1m[35m[plugin angular-compiler][0m

    src/app/_services/login.service.ts:28:42:
[37m      28 │       .post(`${this.url}${this.api}${this.[32mrouterLogin[37m}`, model);
         ╵                                           [32m~~~~~~~~~~~[0m


[31mX [41;31m[[41;97mERROR[41;31m][0m [1mTS2564: Property 'loginForm' has no initializer and is not definitely assigned in the constructor.[0m [1m[35m[plugin angular-compiler][0m

    src/app/login/login.component.ts:21:2:
[37m      21 │   [32mloginForm[37m: FormGroup;
         ╵   [32m~~~~~~~~~[0m

[39m[22m
[1m[31m[31mX [41;31m[[41;97mERROR[41;31m][0m [1mTS2339: Property 'routerLogin' does not exist on type 'LoginService'.[0m [1m[35m[plugin angular-compiler][0m

    src/app/_services/login.service.ts:28:42:
[37m      28 │       .post(`${this.url}${this.api}${this.[32mrouterLogin[37m}`, model);
         ╵                                           [32m~~~~~~~~~~~[0m


[31mX [41;31m[[41;97mERROR[41;31m][0m [1mTS2564: Property 'loginForm' has no initializer and is not definitely assigned in the constructor.[0m [1m[35m[plugin angular-compiler][0m

    src/app/login/login.component.ts:21:2:
[37m      21 │   [32mloginForm[37m: FormGroup;
         ╵   [32m~~~~~~~~~[0m

[39m[22m
[1m[31m[31mX [41;31m[[41;97mERROR[41;31m][0m [1mTS2339: Property 'routerLogin' does not exist on type 'LoginService'.[0m [1m[35m[plugin angular-compiler][0m

    src/app/_services/login.service.ts:28:42:
[37m      28 │       .post(`${this.url}${this.api}${this.[32mrouterLogin[37m}`, model);
         ╵                                           [32m~~~~~~~~~~~[0m


[31mX [41;31m[[41;97mERROR[41;31m][0m [1mTS2564: Property 'loginForm' has no initializer and is not definitely assigned in the constructor.[0m [1m[35m[plugin angular-compiler][0m

    src/app/login/login.component.ts:21:2:
[37m      21 │   [32mloginForm[37m: FormGroup;
         ╵   [32m~~~~~~~~~[0m

[39m[22m
[1m[31m[31mX [41;31m[[41;97mERROR[41;31m][0m [1mTS2339: Property 'routerLogin' does not exist on type 'LoginService'.[0m [1m[35m[plugin angular-compiler][0m

    src/app/_services/login.service.ts:28:42:
[37m      28 │       .post(`${this.url}${this.api}${this.[32mrouterLogin[37m}`, model);
         ╵                                           [32m~~~~~~~~~~~[0m


[31mX [41;31m[[41;97mERROR[41;31m][0m [1mTS2564: Property 'loginForm' has no initializer and is not definitely assigned in the constructor.[0m [1m[35m[plugin angular-compiler][0m

    src/app/login/login.component.ts:21:2:
[37m      21 │   [32mloginForm[37m: FormGroup;
         ╵   [32m~~~~~~~~~[0m

[39m[22m
[1m[31m[31mX [41;31m[[41;97mERROR[41;31m][0m [1mTS2339: Property 'routerLogin' does not exist on type 'LoginService'.[0m [1m[35m[plugin angular-compiler][0m

    src/app/_services/login.service.ts:28:42:
[37m      28 │       .post(`${this.url}${this.api}${this.[32mrouterLogin[37m}`, model);
         ╵                                           [32m~~~~~~~~~~~[0m


[31mX [41;31m[[41;97mERROR[41;31m][0m [1mTS2564: Property 'loginForm' has no initializer and is not definitely assigned in the constructor.[0m [1m[35m[plugin angular-compiler][0m

    src/app/login/login.component.ts:21:2:
[37m      21 │   [32mloginForm[37m: FormGroup;
         ╵   [32m~~~~~~~~~[0m

[39m[22m
[1m[31m[31mX [41;31m[[41;97mERROR[41;31m][0m [1mTS2339: Property 'routerLogin' does not exist on type 'LoginService'.[0m [1m[35m[plugin angular-compiler][0m

    src/app/_services/login.service.ts:28:42:
[37m      28 │       .post(`${this.url}${this.api}${this.[32mrouterLogin[37m}`, model);
         ╵                                           [32m~~~~~~~~~~~[0m


[31mX [41;31m[[41;97mERROR[41;31m][0m [1mTS2564: Property 'loginForm' has no initializer and is not definitely assigned in the constructor.[0m [1m[35m[plugin angular-compiler][0m

    src/app/login/login.component.ts:21:2:
[37m      21 │   [32mloginForm[37m: FormGroup;
         ╵   [32m~~~~~~~~~[0m

[39m[22m
[1m[31m[31mX [41;31m[[41;97mERROR[41;31m][0m [1mTS2339: Property 'routerLogin' does not exist on type 'LoginService'.[0m [1m[35m[plugin angular-compiler][0m

    src/app/_services/login.service.ts:28:42:
[37m      28 │       .post(`${this.url}${this.api}${this.[32mrouterLogin[37m}`, model);
         ╵                                           [32m~~~~~~~~~~~[0m


[31mX [41;31m[[41;97mERROR[41;31m][0m [1mTS2564: Property 'loginForm' has no initializer and is not definitely assigned in the constructor.[0m [1m[35m[plugin angular-compiler][0m

    src/app/login/login.component.ts:21:2:
[37m      21 │   [32mloginForm[37m: FormGroup;
         ╵   [32m~~~~~~~~~[0m

[39m[22m
[1m[31m[31mX [41;31m[[41;97mERROR[41;31m][0m [1mTS2339: Property 'routerLogin' does not exist on type 'LoginService'.[0m [1m[35m[plugin angular-compiler][0m

    src/app/_services/login.service.ts:28:42:
[37m      28 │       .post(`${this.url}${this.api}${this.[32mrouterLogin[37m}`, model);
         ╵                                           [32m~~~~~~~~~~~[0m


[31mX [41;31m[[41;97mERROR[41;31m][0m [1mTS2564: Property 'loginForm' has no initializer and is not definitely assigned in the constructor.[0m [1m[35m[plugin angular-compiler][0m

    src/app/login/login.component.ts:21:2:
[37m      21 │   [32mloginForm[37m: FormGroup;
         ╵   [32m~~~~~~~~~[0m

[39m[22m
[1m[31m[31mX [41;31m[[41;97mERROR[41;31m][0m [1mTS2339: Property 'routerLogin' does not exist on type 'LoginService'.[0m [1m[35m[plugin angular-compiler][0m

    src/app/_services/login.service.ts:28:42:
[37m      28 │       .post(`${this.url}${this.api}${this.[32mrouterLogin[37m}`, model);
         ╵                                           [32m~~~~~~~~~~~[0m


[31mX [41;31m[[41;97mERROR[41;31m][0m [1mTS2564: Property 'loginForm' has no initializer and is not definitely assigned in the constructor.[0m [1m[35m[plugin angular-compiler][0m

    src/app/login/login.component.ts:21:2:
[37m      21 │   [32mloginForm[37m: FormGroup;
         ╵   [32m~~~~~~~~~[0m

[39m[22m
[1m[31m[31mX [41;31m[[41;97mERROR[41;31m][0m [1mTS2339: Property 'routerLogin' does not exist on type 'LoginService'.[0m [1m[35m[plugin angular-compiler][0m

    src/app/_services/login.service.ts:28:42:
[37m      28 │       .post(`${this.url}${this.api}${this.[32mrouterLogin[37m}`, model);
         ╵                                           [32m~~~~~~~~~~~[0m


[31mX [41;31m[[41;97mERROR[41;31m][0m [1mTS2564: Property 'loginForm' has no initializer and is not definitely assigned in the constructor.[0m [1m[35m[plugin angular-compiler][0m

    src/app/login/login.component.ts:21:2:
[37m      21 │   [32mloginForm[37m: FormGroup;
         ╵   [32m~~~~~~~~~[0m

[39m[22m
[1m[31m[31mX [41;31m[[41;97mERROR[41;31m][0m [1mTS2339: Property 'routerLogin' does not exist on type 'LoginService'.[0m [1m[35m[plugin angular-compiler][0m

    src/app/_services/login.service.ts:28:42:
[37m      28 │       .post(`${this.url}${this.api}${this.[32mrouterLogin[37m}`, model);
         ╵                                           [32m~~~~~~~~~~~[0m

[39m[22m
[1m[31m[31mX [41;31m[[41;97mERROR[41;31m][0m [1mTS2339: Property 'routerLogin' does not exist on type 'LoginService'.[0m [1m[35m[plugin angular-compiler][0m

    src/app/_services/login.service.ts:28:42:
[37m      28 │       .post(`${this.url}${this.api}${this.[32mrouterLogin[37m}`, model);
         ╵                                           [32m~~~~~~~~~~~[0m

[39m[22m
[1m[31m[31mX [41;31m[[41;97mERROR[41;31m][0m [1mTS2339: Property 'routerLogin' does not exist on type 'LoginService'.[0m [1m[35m[plugin angular-compiler][0m

    src/app/_services/login.service.ts:28:42:
[37m      28 │       .post(`${this.url}${this.api}${this.[32mrouterLogin[37m}`, model);
         ╵                                           [32m~~~~~~~~~~~[0m

[39m[22m
[1m[33m[33m▲ [43;33m[[43;30mWARNING[43;33m][0m [1mNG8103: The `*ngIf` directive was used in the template, but neither the `NgIf` directive nor the `CommonModule` was imported. Use Angular's built-in control flow @if or make sure that either the `NgIf` directive or the `CommonModule` is included in the `@Component.imports` array of this component.[0m [1m[35m[plugin angular-compiler][0m

    src/app/login/login.component.html:28:16:
[37m      28 │           <div *[32mngIf[37m="errorMessage" class="login-error" role="alert">
         ╵                 [32m~~~~[0m

  Warning occurs in the template of component LoginComponent.

    src/app/login/login.component.ts:11:15:
[37m      11 │   templateUrl: [32m'./login.component.html'[37m,
         ╵                [32m~~~~~~~~~~~~~~~~~~~~~~~~[0m

[39m[22m
[1m[33m[33m▲ [43;33m[[43;30mWARNING[43;33m][0m [1mNG8103: The `*ngIf` directive was used in the template, but neither the `NgIf` directive nor the `CommonModule` was imported. Use Angular's built-in control flow @if or make sure that either the `NgIf` directive or the `CommonModule` is included in the `@Component.imports` array of this component.[0m [1m[35m[plugin angular-compiler][0m

    src/app/login/login.component.html:28:16:
[37m      28 │           <div *[32mngIf[37m="errorMessage" class="login-error" role="alert">
         ╵                 [32m~~~~[0m

  Warning occurs in the template of component LoginComponent.

    src/app/login/login.component.ts:11:15:
[37m      11 │   templateUrl: [32m'./login.component.html'[37m,
         ╵                [32m~~~~~~~~~~~~~~~~~~~~~~~~[0m

[39m[22m
